# JRE version: OpenJDK Runtime Environment (17.0.7+7) (build 17.0.7+7-Ubuntu-0ubuntu120.04)
# Java VM: OpenJDK 64-Bit Server VM (17.0.7+7-Ubuntu-0ubuntu120.04, mixed mode, sharing, tiered, compressed oops, compressed class ptrs, g1 gc, linux-amd64)
GC Precious Log:
 CPUs: 12 total, 12 available
 Memory: 31388M
 Large Page Support: Disabled
 NUMA Support: Disabled
 Compressed Oops: Enabled (Zero based)
 Heap Region Size: 2M
 Heap Min Capacity: 8M
 Heap Initial Capacity: 492M
 Heap Max Capacity: 3G
 Pre-touch: Disabled
 Parallel Workers: 10
 Concurrent Workers: 3
 Concurrent Refinement Workers: 10
 Periodic GC: Disabled
Heap:
 garbage-first heap   total 262144K, used 122828K [0x0000000740000000, 0x0000000800000000)
  region size 2048K, 17 young (34816K), 6 survivors (12288K)
 Metaspace       used 70767K, committed 71424K, reserved 1114112K
  class space    used 9694K, committed 9984K, reserved 1048576K
GC Heap History (20 events):
Event: 2.611 GC heap before
{Heap before GC invocations=9 (full 0):
 garbage-first heap   total 90112K, used 65902K [0x0000000740000000, 0x0000000800000000)
  region size 2048K, 17 young (34816K), 1 survivors (2048K)
 Metaspace       used 38964K, committed 39424K, reserved 1114112K
  class space    used 5483K, committed 5696K, reserved 1048576K
}
Event: 2.613 GC heap after
{Heap after GC invocations=10 (full 0):
 garbage-first heap   total 90112K, used 34638K [0x0000000740000000, 0x0000000800000000)
  region size 2048K, 2 young (4096K), 2 survivors (4096K)
 Metaspace       used 38964K, committed 39424K, reserved 1114112K
  class space    used 5483K, committed 5696K, reserved 1048576K
}
Event: 2.631 GC heap before
{Heap before GC invocations=10 (full 0):
 garbage-first heap   total 90112K, used 34638K [0x0000000740000000, 0x0000000800000000)
  region size 2048K, 3 young (6144K), 2 survivors (4096K)
 Metaspace       used 39126K, committed 39616K, reserved 1114112K
  class space    used 5505K, committed 5760K, reserved 1048576K
}
Event: 2.633 GC heap after
{Heap after GC invocations=11 (full 0):
 garbage-first heap   total 90112K, used 34672K [0x0000000740000000, 0x0000000800000000)
  region size 2048K, 1 young (2048K), 1 survivors (2048K)
 Metaspace       used 39126K, committed 39616K, reserved 1114112K
  class space    used 5505K, committed 5760K, reserved 1048576K
}
Event: 3.380 GC heap before
{Heap before GC invocations=11 (full 0):
 garbage-first heap   total 90112K, used 69488K [0x0000000740000000, 0x0000000800000000)
  region size 2048K, 17 young (34816K), 1 survivors (2048K)
 Metaspace       used 47431K, committed 47936K, reserved 1114112K
  class space    used 6551K, committed 6784K, reserved 1048576K
}
Event: 3.382 GC heap after
{Heap after GC invocations=12 (full 0):
 garbage-first heap   total 296960K, used 40662K [0x0000000740000000, 0x0000000800000000)
  region size 2048K, 3 young (6144K), 3 survivors (6144K)
 Metaspace       used 47431K, committed 47936K, reserved 1114112K
  class space    used 6551K, committed 6784K, reserved 1048576K
}
Event: 4.949 GC heap before
{Heap before GC invocations=12 (full 0):
 garbage-first heap   total 296960K, used 253654K [0x0000000740000000, 0x0000000800000000)
  region size 2048K, 83 young (169984K), 3 survivors (6144K)
 Metaspace       used 56649K, committed 57216K, reserved 1114112K
  class space    used 7835K, committed 8128K, reserved 1048576K
}
Event: 4.955 GC heap after
{Heap after GC invocations=13 (full 0):
 garbage-first heap   total 296960K, used 51291K [0x0000000740000000, 0x0000000800000000)
  region size 2048K, 8 young (16384K), 8 survivors (16384K)
 Metaspace       used 56649K, committed 57216K, reserved 1114112K
  class space    used 7835K, committed 8128K, reserved 1048576K
}
Event: 5.128 GC heap before
{Heap before GC invocations=13 (full 0):
 garbage-first heap   total 296960K, used 161883K [0x0000000740000000, 0x0000000800000000)
  region size 2048K, 18 young (36864K), 8 survivors (16384K)
 Metaspace       used 57097K, committed 57600K, reserved 1114112K
  class space    used 7894K, committed 8128K, reserved 1048576K
}
Event: 5.133 GC heap after
{Heap after GC invocations=14 (full 0):
 garbage-first heap   total 296960K, used 52212K [0x0000000740000000, 0x0000000800000000)
  region size 2048K, 6 young (12288K), 6 survivors (12288K)
 Metaspace       used 57097K, committed 57600K, reserved 1114112K
  class space    used 7894K, committed 8128K, reserved 1048576K
}
Event: 5.257 GC heap before
{Heap before GC invocations=14 (full 0):
 garbage-first heap   total 296960K, used 150516K [0x0000000740000000, 0x0000000800000000)
  region size 2048K, 12 young (24576K), 6 survivors (12288K)
 Metaspace       used 57248K, committed 57728K, reserved 1114112K
  class space    used 7894K, committed 8128K, reserved 1048576K
}
Event: 5.263 GC heap after
{Heap after GC invocations=15 (full 0):
 garbage-first heap   total 296960K, used 60819K [0x0000000740000000, 0x0000000800000000)
  region size 2048K, 6 young (12288K), 6 survivors (12288K)
 Metaspace       used 57248K, committed 57728K, reserved 1114112K
  class space    used 7894K, committed 8128K, reserved 1048576K
}
Event: 5.649 GC heap before
{Heap before GC invocations=15 (full 0):
 garbage-first heap   total 296960K, used 173459K [0x0000000740000000, 0x0000000800000000)
  region size 2048K, 38 young (77824K), 6 survivors (12288K)
 Metaspace       used 59843K, committed 60416K, reserved 1114112K
  class space    used 8278K, committed 8576K, reserved 1048576K
}
Event: 5.654 GC heap after
{Heap after GC invocations=16 (full 0):
 garbage-first heap   total 296960K, used 55647K [0x0000000740000000, 0x0000000800000000)
  region size 2048K, 8 young (16384K), 8 survivors (16384K)
 Metaspace       used 59843K, committed 60416K, reserved 1114112K
  class space    used 8278K, committed 8576K, reserved 1048576K
}
Event: 6.036 GC heap before
{Heap before GC invocations=17 (full 0):
 garbage-first heap   total 204800K, used 160095K [0x0000000740000000, 0x0000000800000000)
  region size 2048K, 60 young (122880K), 8 survivors (16384K)
 Metaspace       used 60904K, committed 61504K, reserved 1114112K
  class space    used 8477K, committed 8768K, reserved 1048576K
}
Event: 6.052 GC heap after
{Heap after GC invocations=18 (full 0):
 garbage-first heap   total 204800K, used 74480K [0x0000000740000000, 0x0000000800000000)
  region size 2048K, 8 young (16384K), 8 survivors (16384K)
 Metaspace       used 60904K, committed 61504K, reserved 1114112K
  class space    used 8477K, committed 8768K, reserved 1048576K
}
Event: 6.494 GC heap before
{Heap before GC invocations=18 (full 0):
 garbage-first heap   total 204800K, used 166640K [0x0000000740000000, 0x0000000800000000)
  region size 2048K, 45 young (92160K), 8 survivors (16384K)
 Metaspace       used 67734K, committed 68288K, reserved 1114112K
  class space    used 9332K, committed 9600K, reserved 1048576K
}
Event: 6.503 GC heap after
{Heap after GC invocations=19 (full 0):
 garbage-first heap   total 262144K, used 98028K [0x0000000740000000, 0x0000000800000000)
  region size 2048K, 6 young (12288K), 6 survivors (12288K)
 Metaspace       used 67734K, committed 68288K, reserved 1114112K
  class space    used 9332K, committed 9600K, reserved 1048576K
}
Event: 7.063 GC heap before
{Heap before GC invocations=19 (full 0):
 garbage-first heap   total 262144K, used 194284K [0x0000000740000000, 0x0000000800000000)
  region size 2048K, 51 young (104448K), 6 survivors (12288K)
 Metaspace       used 70686K, committed 71232K, reserved 1114112K
  class space    used 9684K, committed 9984K, reserved 1048576K
}
Event: 7.072 GC heap after
{Heap after GC invocations=20 (full 0):
 garbage-first heap   total 262144K, used 102348K [0x0000000740000000, 0x0000000800000000)
  region size 2048K, 6 young (12288K), 6 survivors (12288K)
 Metaspace       used 70686K, committed 71232K, reserved 1114112K
  class space    used 9684K, committed 9984K, reserved 1048576K
}

