# JRE version: OpenJDK Runtime Environment (17.0.7+7) (build 17.0.7+7-Ubuntu-0ubuntu120.04)
# Java VM: OpenJDK 64-Bit Server VM (17.0.7+7-Ubuntu-0ubuntu120.04, mixed mode, sharing, tiered, compressed oops, compressed class ptrs, g1 gc, linux-amd64)
GC Precious Log:
 CPUs: 12 total, 12 available
 Memory: 31388M
 Large Page Support: Disabled
 NUMA Support: Disabled
 Compressed Oops: Enabled (Zero based)
 Heap Region Size: 2M
 Heap Min Capacity: 8M
 Heap Initial Capacity: 492M
 Heap Max Capacity: 3G
 Pre-touch: Disabled
 Parallel Workers: 10
 Concurrent Workers: 3
 Concurrent Refinement Workers: 10
 Periodic GC: Disabled
Heap:
 garbage-first heap   total 198656K, used 116930K [0x0000000740000000, 0x0000000800000000)
  region size 2048K, 27 young (55296K), 2 survivors (4096K)
 Metaspace       used 39943K, committed 40320K, reserved 1114112K
  class space    used 5599K, committed 5824K, reserved 1048576K
GC Heap History (16 events):
Event: 0.257 GC heap before
{Heap before GC invocations=0 (full 0):
 garbage-first heap   total 507904K, used 32736K [0x0000000740000000, 0x0000000800000000)
  region size 2048K, 12 young (24576K), 0 survivors (0K)
 Metaspace       used 3054K, committed 3136K, reserved 1114112K
  class space    used 392K, committed 448K, reserved 1048576K
}
Event: 0.259 GC heap after
{Heap after GC invocations=1 (full 0):
 garbage-first heap   total 507904K, used 11608K [0x0000000740000000, 0x0000000800000000)
  region size 2048K, 2 young (4096K), 2 survivors (4096K)
 Metaspace       used 3054K, committed 3136K, reserved 1114112K
  class space    used 392K, committed 448K, reserved 1048576K
}
Event: 0.406 GC heap before
{Heap before GC invocations=1 (full 0):
 garbage-first heap   total 507904K, used 40280K [0x0000000740000000, 0x0000000800000000)
  region size 2048K, 16 young (32768K), 2 survivors (4096K)
 Metaspace       used 4545K, committed 4736K, reserved 1114112K
  class space    used 615K, committed 704K, reserved 1048576K
}
Event: 0.407 GC heap after
{Heap after GC invocations=2 (full 0):
 garbage-first heap   total 507904K, used 16099K [0x0000000740000000, 0x0000000800000000)
  region size 2048K, 2 young (4096K), 2 survivors (4096K)
 Metaspace       used 4545K, committed 4736K, reserved 1114112K
  class space    used 615K, committed 704K, reserved 1048576K
}
Event: 4.292 GC heap before
{Heap before GC invocations=2 (full 0):
 garbage-first heap   total 507904K, used 155363K [0x0000000740000000, 0x0000000800000000)
  region size 2048K, 57 young (116736K), 2 survivors (4096K)
 Metaspace       used 21162K, committed 21504K, reserved 1114112K
  class space    used 3201K, committed 3328K, reserved 1048576K
}
Event: 4.296 GC heap after
{Heap after GC invocations=3 (full 0):
 garbage-first heap   total 507904K, used 54298K [0x0000000740000000, 0x0000000800000000)
  region size 2048K, 7 young (14336K), 7 survivors (14336K)
 Metaspace       used 21162K, committed 21504K, reserved 1114112K
  class space    used 3201K, committed 3328K, reserved 1048576K
}
Event: 5.350 GC heap before
{Heap before GC invocations=4 (full 0):
 garbage-first heap   total 198656K, used 160794K [0x0000000740000000, 0x0000000800000000)
  region size 2048K, 58 young (118784K), 7 survivors (14336K)
 Metaspace       used 34895K, committed 35328K, reserved 1114112K
  class space    used 4968K, committed 5184K, reserved 1048576K
}
Event: 5.358 GC heap after
{Heap after GC invocations=5 (full 0):
 garbage-first heap   total 198656K, used 62760K [0x0000000740000000, 0x0000000800000000)
  region size 2048K, 5 young (10240K), 5 survivors (10240K)
 Metaspace       used 34895K, committed 35328K, reserved 1114112K
  class space    used 4968K, committed 5184K, reserved 1048576K
}
Event: 5.365 GC heap before
{Heap before GC invocations=5 (full 0):
 garbage-first heap   total 198656K, used 64808K [0x0000000740000000, 0x0000000800000000)
  region size 2048K, 6 young (12288K), 5 survivors (10240K)
 Metaspace       used 34924K, committed 35328K, reserved 1114112K
  class space    used 4969K, committed 5184K, reserved 1048576K
}
Event: 5.369 GC heap after
{Heap after GC invocations=6 (full 0):
 garbage-first heap   total 198656K, used 63007K [0x0000000740000000, 0x0000000800000000)
  region size 2048K, 1 young (2048K), 1 survivors (2048K)
 Metaspace       used 34924K, committed 35328K, reserved 1114112K
  class space    used 4969K, committed 5184K, reserved 1048576K
}
Event: 5.444 GC heap before
{Heap before GC invocations=6 (full 0):
 garbage-first heap   total 198656K, used 67103K [0x0000000740000000, 0x0000000800000000)
  region size 2048K, 4 young (8192K), 1 survivors (2048K)
 Metaspace       used 35571K, committed 35968K, reserved 1114112K
  class space    used 5049K, committed 5248K, reserved 1048576K
}
Event: 5.445 GC heap after
{Heap after GC invocations=7 (full 0):
 garbage-first heap   total 198656K, used 62508K [0x0000000740000000, 0x0000000800000000)
  region size 2048K, 1 young (2048K), 1 survivors (2048K)
 Metaspace       used 35571K, committed 35968K, reserved 1114112K
  class space    used 5049K, committed 5248K, reserved 1048576K
}
Event: 6.053 GC heap before
{Heap before GC invocations=8 (full 0):
 garbage-first heap   total 198656K, used 150572K [0x0000000740000000, 0x0000000800000000)
  region size 2048K, 43 young (88064K), 1 survivors (2048K)
 Metaspace       used 39933K, committed 40320K, reserved 1114112K
  class space    used 5599K, committed 5824K, reserved 1048576K
}
Event: 6.056 GC heap after
{Heap after GC invocations=9 (full 0):
 garbage-first heap   total 198656K, used 67124K [0x0000000740000000, 0x0000000800000000)
  region size 2048K, 2 young (4096K), 2 survivors (4096K)
 Metaspace       used 39933K, committed 40320K, reserved 1114112K
  class space    used 5599K, committed 5824K, reserved 1048576K
}
Event: 6.289 GC heap before
{Heap before GC invocations=9 (full 0):
 garbage-first heap   total 198656K, used 153140K [0x0000000740000000, 0x0000000800000000)
  region size 2048K, 44 young (90112K), 2 survivors (4096K)
 Metaspace       used 39940K, committed 40320K, reserved 1114112K
  class space    used 5599K, committed 5824K, reserved 1048576K
}
Event: 6.296 GC heap after
{Heap after GC invocations=10 (full 0):
 garbage-first heap   total 198656K, used 67778K [0x0000000740000000, 0x0000000800000000)
  region size 2048K, 2 young (4096K), 2 survivors (4096K)
 Metaspace       used 39940K, committed 40320K, reserved 1114112K
  class space    used 5599K, committed 5824K, reserved 1048576K
}

